<?xml version="1.0" encoding="UTF-8"?>
<!-- Generated by org.testng.reporters.JUnitReportReporter -->
<testsuite hostname="LAPTOP-DSNO28V5" failures="0" tests="1" name="TestNGPrograms.SecendTest" time="44.945" errors="0" timestamp="2022-12-20T21:34:26 IST" skipped="0">
  <testcase classname="TestNGPrograms.SecendTest" name="secendtest" time="44.945"/>
  <system-out/>
</testsuite> <!-- TestNGPrograms.SecendTest -->
