<?xml version="1.0" encoding="UTF-8"?>
<!-- Generated by org.testng.reporters.JUnitReportReporter -->
<testsuite hostname="LAPTOP-DSNO28V5" failures="0" tests="2" name="TestNGPrograms.first" time="0.022" errors="0" timestamp="2022-12-20T16:20:14 IST" skipped="0">
  <testcase classname="TestNGPrograms.first" name="firsttest" time="0.020"/>
  <system-out/>
  <testcase classname="TestNGPrograms.first" name="secendtest" time="0.002"/>
  <system-out/>
</testsuite> <!-- TestNGPrograms.first -->
