<?xml version="1.0" encoding="UTF-8"?>
<!-- Generated by org.testng.reporters.JUnitReportReporter -->
<testsuite hostname="LAPTOP-DSNO28V5" failures="0" tests="1" name="TestNGPrograms.FirstTest" time="30.883" errors="0" timestamp="2022-12-20T17:20:48 IST" skipped="0">
  <testcase classname="TestNGPrograms.FirstTest" name="bharat" time="30.883"/>
  <system-out/>
</testsuite> <!-- TestNGPrograms.FirstTest -->
