<?xml version="1.0" encoding="UTF-8"?>
<!-- Generated by org.testng.reporters.JUnitReportReporter -->
<testsuite hostname="LAPTOP-DSNO28V5" failures="0" tests="3" name="TestNGPrograms.ParallelTest" time="141.233" errors="0" timestamp="2023-01-02T23:08:35 IST" skipped="0">
  <testcase classname="TestNGPrograms.ParallelTest" name="FireFoxTest" time="55.355"/>
  <system-out/>
  <testcase classname="TestNGPrograms.ParallelTest" name="ChromeTest" time="36.381"/>
  <system-out/>
  <testcase classname="TestNGPrograms.ParallelTest" name="EdgeTest" time="49.497"/>
  <system-out/>
</testsuite> <!-- TestNGPrograms.ParallelTest -->
